[debug] [2026-01-09T00:10:06.175Z] ----------------------------------------------------------------------
[debug] [2026-01-09T00:10:06.180Z] Command:       C:\Program Files\nodejs\node.exe C:\Users\jayas\AppData\Roaming\npm\node_modules\firebase-tools\lib\bin\firebase.js deploy --only functions --debug
[debug] [2026-01-09T00:10:06.180Z] CLI Version:   14.16.0
[debug] [2026-01-09T00:10:06.180Z] Platform:      win32
[debug] [2026-01-09T00:10:06.181Z] Node Version:  v24.5.0
[debug] [2026-01-09T00:10:06.181Z] Time:          Fri Jan 09 2026 05:40:06 GMT+0530 (India Standard Time)
[debug] [2026-01-09T00:10:06.181Z] ----------------------------------------------------------------------
[debug] 
[debug] [2026-01-09T00:10:06.407Z] > command requires scopes: ["email","openid","https://www.googleapis.com/auth/cloudplatformprojects.readonly","https://www.googleapis.com/auth/firebase","https://www.googleapis.com/auth/cloud-platform"]
[debug] [2026-01-09T00:10:06.408Z] > authorizing via signed-in user (jayasurya.vp48@gmail.com)
[debug] [2026-01-09T00:10:06.408Z] [iam] checking project pixel-art-ui for permissions ["cloudfunctions.functions.create","cloudfunctions.functions.delete","cloudfunctions.functions.get","cloudfunctions.functions.list","cloudfunctions.functions.update","cloudfunctions.operations.get","firebase.projects.get"]
[debug] [2026-01-09T00:10:06.409Z] Checked if tokens are valid: true, expires at: 1767920820508
[debug] [2026-01-09T00:10:06.410Z] Checked if tokens are valid: true, expires at: 1767920820508
[debug] [2026-01-09T00:10:06.411Z] >>> [apiv2][query] POST https://cloudresourcemanager.googleapis.com/v1/projects/pixel-art-ui:testIamPermissions [none]
[debug] [2026-01-09T00:10:06.411Z] >>> [apiv2][(partial)header] POST https://cloudresourcemanager.googleapis.com/v1/projects/pixel-art-ui:testIamPermissions x-goog-quota-user=projects/pixel-art-ui
[debug] [2026-01-09T00:10:06.411Z] >>> [apiv2][body] POST https://cloudresourcemanager.googleapis.com/v1/projects/pixel-art-ui:testIamPermissions {"permissions":["cloudfunctions.functions.create","cloudfunctions.functions.delete","cloudfunctions.functions.get","cloudfunctions.functions.list","cloudfunctions.functions.update","cloudfunctions.operations.get","firebase.projects.get"]}
[debug] [2026-01-09T00:10:08.123Z] <<< [apiv2][status] POST https://cloudresourcemanager.googleapis.com/v1/projects/pixel-art-ui:testIamPermissions 200
[debug] [2026-01-09T00:10:08.123Z] <<< [apiv2][body] POST https://cloudresourcemanager.googleapis.com/v1/projects/pixel-art-ui:testIamPermissions {"permissions":["cloudfunctions.functions.create","cloudfunctions.functions.delete","cloudfunctions.functions.get","cloudfunctions.functions.list","cloudfunctions.functions.update","cloudfunctions.operations.get","firebase.projects.get"]}
[debug] [2026-01-09T00:10:08.124Z] Checked if tokens are valid: true, expires at: 1767920820508
[debug] [2026-01-09T00:10:08.125Z] Checked if tokens are valid: true, expires at: 1767920820508
[debug] [2026-01-09T00:10:08.125Z] >>> [apiv2][query] POST https://iam.googleapis.com/v1/projects/pixel-art-ui/serviceAccounts/pixel-art-ui@appspot.gserviceaccount.com:testIamPermissions [none]
[debug] [2026-01-09T00:10:08.125Z] >>> [apiv2][body] POST https://iam.googleapis.com/v1/projects/pixel-art-ui/serviceAccounts/pixel-art-ui@appspot.gserviceaccount.com:testIamPermissions {"permissions":["iam.serviceAccounts.actAs"]}
[debug] [2026-01-09T00:10:12.018Z] <<< [apiv2][status] POST https://iam.googleapis.com/v1/projects/pixel-art-ui/serviceAccounts/pixel-art-ui@appspot.gserviceaccount.com:testIamPermissions 200
[debug] [2026-01-09T00:10:12.019Z] <<< [apiv2][body] POST https://iam.googleapis.com/v1/projects/pixel-art-ui/serviceAccounts/pixel-art-ui@appspot.gserviceaccount.com:testIamPermissions {"permissions":["iam.serviceAccounts.actAs"]}
[info] 
[info] === Deploying to 'pixel-art-ui'...
[info] 
[info] i  deploying functions 
[debug] [2026-01-09T00:10:12.025Z] Checked if tokens are valid: true, expires at: 1767920820508
[debug] [2026-01-09T00:10:12.025Z] Checked if tokens are valid: true, expires at: 1767920820508
[debug] [2026-01-09T00:10:12.025Z] >>> [apiv2][query] GET https://cloudresourcemanager.googleapis.com/v1/projects/pixel-art-ui [none]
[debug] [2026-01-09T00:10:12.373Z] <<< [apiv2][status] GET https://cloudresourcemanager.googleapis.com/v1/projects/pixel-art-ui 200
[debug] [2026-01-09T00:10:12.373Z] <<< [apiv2][body] GET https://cloudresourcemanager.googleapis.com/v1/projects/pixel-art-ui {"projectNumber":"320770972104","projectId":"pixel-art-ui","lifecycleState":"ACTIVE","name":"Pixel art ui","labels":{"firebase":"enabled","firebase-core":"disabled"},"createTime":"2026-01-08T22:34:31.555380Z"}
[info] i  functions: preparing codebase default for deployment 
[info] i  functions: ensuring required API cloudfunctions.googleapis.com is enabled... 
[info] i  functions: ensuring required API cloudbuild.googleapis.com is enabled... 
[debug] [2026-01-09T00:10:12.377Z] Checked if tokens are valid: true, expires at: 1767920820508
[debug] [2026-01-09T00:10:12.377Z] Checked if tokens are valid: true, expires at: 1767920820508
[info] i  artifactregistry: ensuring required API artifactregistry.googleapis.com is enabled... 
[debug] [2026-01-09T00:10:12.378Z] Checked if tokens are valid: true, expires at: 1767920820508
[debug] [2026-01-09T00:10:12.378Z] Checked if tokens are valid: true, expires at: 1767920820508
[debug] [2026-01-09T00:10:12.378Z] >>> [apiv2][query] GET https://serviceusage.googleapis.com/v1/projects/pixel-art-ui/services/cloudbuild.googleapis.com [none]
[debug] [2026-01-09T00:10:12.378Z] >>> [apiv2][(partial)header] GET https://serviceusage.googleapis.com/v1/projects/pixel-art-ui/services/cloudbuild.googleapis.com x-goog-quota-user=projects/pixel-art-ui
[debug] [2026-01-09T00:10:12.381Z] >>> [apiv2][query] GET https://serviceusage.googleapis.com/v1/projects/pixel-art-ui/services/artifactregistry.googleapis.com [none]
[debug] [2026-01-09T00:10:12.381Z] >>> [apiv2][(partial)header] GET https://serviceusage.googleapis.com/v1/projects/pixel-art-ui/services/artifactregistry.googleapis.com x-goog-quota-user=projects/pixel-art-ui
[debug] [2026-01-09T00:10:14.386Z] <<< [apiv2][status] GET https://serviceusage.googleapis.com/v1/projects/pixel-art-ui/services/cloudbuild.googleapis.com 200
[debug] [2026-01-09T00:10:14.387Z] <<< [apiv2][body] GET https://serviceusage.googleapis.com/v1/projects/pixel-art-ui/services/cloudbuild.googleapis.com [omitted]
[warn] !  functions: missing required API cloudbuild.googleapis.com. Enabling now... 
[debug] [2026-01-09T00:10:14.388Z] Checked if tokens are valid: true, expires at: 1767920820508
[debug] [2026-01-09T00:10:14.388Z] Checked if tokens are valid: true, expires at: 1767920820508
[debug] [2026-01-09T00:10:14.388Z] >>> [apiv2][query] POST https://serviceusage.googleapis.com/v1/projects/pixel-art-ui/services/cloudbuild.googleapis.com:enable [none]
[debug] [2026-01-09T00:10:14.388Z] >>> [apiv2][(partial)header] POST https://serviceusage.googleapis.com/v1/projects/pixel-art-ui/services/cloudbuild.googleapis.com:enable x-goog-quota-user=projects/pixel-art-ui
[debug] [2026-01-09T00:10:14.463Z] <<< [apiv2][status] GET https://serviceusage.googleapis.com/v1/projects/pixel-art-ui/services/artifactregistry.googleapis.com 200
[debug] [2026-01-09T00:10:14.463Z] <<< [apiv2][body] GET https://serviceusage.googleapis.com/v1/projects/pixel-art-ui/services/artifactregistry.googleapis.com [omitted]
[warn] !  artifactregistry: missing required API artifactregistry.googleapis.com. Enabling now... 
[debug] [2026-01-09T00:10:14.464Z] Checked if tokens are valid: true, expires at: 1767920820508
[debug] [2026-01-09T00:10:14.464Z] Checked if tokens are valid: true, expires at: 1767920820508
[debug] [2026-01-09T00:10:14.464Z] >>> [apiv2][query] POST https://serviceusage.googleapis.com/v1/projects/pixel-art-ui/services/artifactregistry.googleapis.com:enable [none]
[debug] [2026-01-09T00:10:14.464Z] >>> [apiv2][(partial)header] POST https://serviceusage.googleapis.com/v1/projects/pixel-art-ui/services/artifactregistry.googleapis.com:enable x-goog-quota-user=projects/pixel-art-ui
[debug] [2026-01-09T00:10:15.968Z] <<< [apiv2][status] POST https://serviceusage.googleapis.com/v1/projects/pixel-art-ui/services/cloudbuild.googleapis.com:enable 400
[debug] [2026-01-09T00:10:15.968Z] <<< [apiv2][body] POST https://serviceusage.googleapis.com/v1/projects/pixel-art-ui/services/cloudbuild.googleapis.com:enable [omitted]
[debug] [2026-01-09T00:10:15.974Z] <<< [apiv2][status] POST https://serviceusage.googleapis.com/v1/projects/pixel-art-ui/services/artifactregistry.googleapis.com:enable 400
[debug] [2026-01-09T00:10:15.974Z] <<< [apiv2][body] POST https://serviceusage.googleapis.com/v1/projects/pixel-art-ui/services/artifactregistry.googleapis.com:enable [omitted]
[error] 
[error] Error: Your project pixel-art-ui must be on the Blaze (pay-as-you-go) plan to complete this command. Required API cloudbuild.googleapis.com can't be enabled until the upgrade is complete. To upgrade, visit the following URL:

https://console.firebase.google.com/project/pixel-art-ui/usage/details
